<?xml version="1.0" encoding="UTF-8"?>
<!-- Generated by org.testng.reporters.JUnitReportReporter -->
<testsuite skipped="0" hostname="WKWIN4599847" name="ecommerce.HomePage" tests="1" failures="0" timestamp="16 May 2021 11:25:01 GMT" time="14.827" errors="0">
  <testcase name="verifyDisabledFields" time="14.827" classname="ecommerce.HomePage"/>
</testsuite> <!-- ecommerce.HomePage -->
