<?xml version="1.0" encoding="UTF-8"?>
<!-- Generated by org.testng.reporters.JUnitReportReporter -->
<testsuite skipped="0" hostname="WKWIN4599847" name="ecommerce.AccountPage" tests="1" failures="0" timestamp="13 May 2021 16:12:16 GMT" time="20.073" errors="0">
  <testcase name="verifyInvoicePrinted" time="20.073" classname="ecommerce.AccountPage"/>
</testsuite> <!-- ecommerce.AccountPage -->
