<?xml version="1.0" encoding="UTF-8"?>
<!-- Generated by org.testng.reporters.JUnitReportReporter -->
<testsuite skipped="0" hostname="WKWIN4599847" name="ecommerce.ProductReviewPage" tests="1" failures="0" timestamp="14 May 2021 16:56:33 GMT" time="29.924" errors="0">
  <testcase name="verfiyProductReviewMech" time="29.924" classname="ecommerce.ProductReviewPage"/>
</testsuite> <!-- ecommerce.ProductReviewPage -->
